Arguments: 
  /Users/diegosarmiento/.nvm/versions/node/v16.14.0/bin/node /opt/homebrew/Cellar/yarn/1.22.18/libexec/bin/yarn.js add react-native-screens react-native-safe-area-context

PATH: 
  /Users/diegosarmiento/.nvm/versions/node/v16.14.0/bin:/opt/homebrew/opt/pyqt@5/5.15.4_1/bin:/opt/homebrew/opt/qt@5/bin:/opt/homebrew/bin:/opt/homebrew/sbin:/Library/Frameworks/Python.framework/Versions/3.10/bin:/Library/Frameworks/Python.framework/Versions/3.9/bin:/usr/local/bin:/usr/bin:/bin:/usr/sbin:/sbin

Yarn version: 
  1.22.18

Node version: 
  16.14.0

Platform: 
  darwin arm64

Trace: 
  Error: Error connecting to repository. Please, check the url.
      at GitHubResolver.<anonymous> (/opt/homebrew/Cellar/yarn/1.22.18/libexec/lib/cli.js:33811:15)
      at Generator.next (<anonymous>)
      at step (/opt/homebrew/Cellar/yarn/1.22.18/libexec/lib/cli.js:310:30)
      at /opt/homebrew/Cellar/yarn/1.22.18/libexec/lib/cli.js:321:13
      at processTicksAndRejections (node:internal/process/task_queues:96:5)

npm manifest: 
  {
    "name": "padel",
    "version": "1.0.0",
    "main": "node_modules/expo/AppEntry.js",
    "scripts": {
      "start": "expo start",
      "android": "expo start --android",
      "ios": "expo start --ios",
      "web": "expo start --web"
    },
    "repository": {
      "type": "git",
      "url": "git+ssh://git@github.com/diegosarmiento11/padel-App.git"
    },
    "dependencies": {
      "@react-navigation/native": "~/6.0.13",
      "@react-navigation/native-stack": "~/6.9.0",
      "expo": "~46.0.9",
      "expo-status-bar": "~1.4.0",
      "firebase": "^8.10.1",
      "react": "18.0.0",
      "react-native": "0.69.5",
      "react-native-safe-area-context": "4.3.1",
      "react-native-screens": "~3.15.0",
      "react-navigation": "^4.4.4"
    },
    "devDependencies": {
      "@babel/core": "^7.12.9"
    },
    "private": true
  }

yarn manifest: 
  No manifest

Lockfile: 
  No lockfile
